<?xml version="1.0" encoding="UTF-8"?>
<!-- Generated by org.testng.reporters.JUnitXMLReporter -->
<testsuite ignored="0" hostname="LAPTOP-ARUHMQQE" failures="0" tests="6" name="Test" time="263.851" errors="0" timestamp="2020-09-24T03:27:24 GMT-05:00">
  <testcase classname="project_Activities.AlchemyLogin" name="f" time="31.085"/>
  <testcase classname="project_Activities.Alchemypopup" name="f" time="39.267"/>
  <testcase classname="project_Activities.AlchemyToDo" name="f" time="45.644"/>
  <testcase classname="project_Activities.GoogleKeep" name="googleTasks" time="20.744"/>
  <testcase classname="project_Activities.GoogleKeepReminder" name="googleTasks" time="22.493"/>
  <testcase classname="project_Activities.GoogleTask" name="googleTasks" time="17.732"/>
</testsuite> <!-- Test -->
